0 verbose cli /home/pbl0/.nvm/versions/node/v20.17.0/bin/node /home/pbl0/.nvm/versions/node/v20.17.0/bin/npm
1 info using npm@10.8.2
2 info using node@v20.17.0
3 silly config load:file:/home/pbl0/.nvm/versions/node/v20.17.0/lib/node_modules/npm/npmrc
4 silly config load:file:/home/pbl0/Desktop/dnck-admin/node_modules/node/.npmrc
5 silly config load:file:/home/pbl0/.npmrc
6 silly config load:file:/home/pbl0/.nvm/versions/node/v20.17.0/etc/npmrc
7 verbose title npm install node-linux-x64@22.8.0
8 verbose argv "install" "--no-save" "node-linux-x64@22.8.0"
9 verbose logfile logs-max:10 dir:/home/pbl0/Desktop/dnck-admin/.npm/_logs/2024-09-26T12_52_48_033Z-
10 verbose logfile /home/pbl0/Desktop/dnck-admin/.npm/_logs/2024-09-26T12_52_48_033Z-debug-0.log
11 silly packumentCache heap:2197815296 maxSize:549453824 maxEntrySize:274726912
12 silly logfile done cleaning log files
13 silly idealTree buildDeps
14 silly fetch manifest node-bin-setup@^1.0.0
15 silly packumentCache full:https://registry.npmjs.org/node-bin-setup cache-miss
16 http fetch GET 200 https://registry.npmjs.org/node-bin-setup 259ms (cache miss)
17 silly packumentCache full:https://registry.npmjs.org/node-bin-setup set size:undefined disposed:false
18 silly fetch manifest node-linux-x64@22.8.0
19 silly packumentCache full:https://registry.npmjs.org/node-linux-x64 cache-miss
20 http fetch GET 200 https://registry.npmjs.org/node-linux-x64 326ms (cache miss)
21 silly packumentCache full:https://registry.npmjs.org/node-linux-x64 set size:undefined disposed:false
22 silly placeDep ROOT node-bin-setup@1.1.3 OK for: node@22.8.0 want: ^1.0.0
23 silly placeDep ROOT node-linux-x64@22.8.0 OK for: node@22.8.0 want: 22.8.0
24 silly reify moves {}
25 silly audit bulk request { 'node-bin-setup': [ '1.1.3' ], 'node-linux-x64': [ '22.8.0' ] }
26 silly tarball no local data for node-linux-x64@https://registry.npmjs.org/node-linux-x64/-/node-linux-x64-22.8.0.tgz. Extracting by manifest.
27 http fetch POST 200 https://registry.npmjs.org/-/npm/v1/security/advisories/bulk 551ms
28 silly audit report {}
29 http fetch GET 200 https://registry.npmjs.org/node-linux-x64/-/node-linux-x64-22.8.0.tgz 41206ms (cache miss)
30 silly ADD node_modules/node-linux-x64
31 silly ADD node_modules/node-bin-setup
32 verbose cwd /home/pbl0/Desktop/dnck-admin/node_modules/node
33 verbose os Linux 5.15.0-122-generic
34 verbose node v20.17.0
35 verbose npm  v10.8.2
36 verbose exit 0
37 info ok
