0 verbose cli /home/pbl0/.nvm/versions/node/v20.17.0/bin/node /home/pbl0/.nvm/versions/node/v20.17.0/bin/npm
1 info using npm@10.8.2
2 info using node@v20.17.0
3 silly config load:file:/home/pbl0/.nvm/versions/node/v20.17.0/lib/node_modules/npm/npmrc
4 silly config load:file:/home/pbl0/Desktop/dnck-admin/.npmrc
5 silly config load:file:/home/pbl0/.npmrc
6 silly config load:file:/home/pbl0/.nvm/versions/node/v20.17.0/etc/npmrc
7 verbose title npm ci
8 verbose argv "ci" "--cache" ".npm" "--prefer-offline"
9 verbose logfile logs-max:10 dir:/home/pbl0/Desktop/dnck-admin/.npm/_logs/2024-09-26T12_49_44_947Z-
10 verbose logfile /home/pbl0/Desktop/dnck-admin/.npm/_logs/2024-09-26T12_49_44_947Z-debug-0.log
11 silly packumentCache heap:2197815296 maxSize:549453824 maxEntrySize:274726912
12 silly logfile done cleaning log files
13 silly idealTree buildDeps
14 silly fetch manifest react@^16.8.0
15 silly packumentCache full:https://registry.npmjs.org/react cache-miss
16 http fetch GET 200 https://registry.npmjs.org/npm 5084ms
17 http fetch GET 200 https://registry.npmjs.org/react 7346ms (cache miss)
18 silly packumentCache full:https://registry.npmjs.org/react set size:undefined disposed:false
19 silly fetch manifest react-dom@^16.8.0
20 silly packumentCache full:https://registry.npmjs.org/react-dom cache-miss
21 http fetch GET 200 https://registry.npmjs.org/react-dom 1788ms (cache miss)
22 silly packumentCache full:https://registry.npmjs.org/react-dom set size:undefined disposed:false
23 verbose stack Error: could not resolve
23 verbose stack     at PlaceDep.failPeerConflict (/home/pbl0/.nvm/versions/node/v20.17.0/lib/node_modules/npm/node_modules/@npmcli/arborist/lib/place-dep.js:503:25)
23 verbose stack     at new PlaceDep (/home/pbl0/.nvm/versions/node/v20.17.0/lib/node_modules/npm/node_modules/@npmcli/arborist/lib/place-dep.js:157:21)
23 verbose stack     at #buildDepStep (/home/pbl0/.nvm/versions/node/v20.17.0/lib/node_modules/npm/node_modules/@npmcli/arborist/lib/arborist/build-ideal-tree.js:917:18)
23 verbose stack     at async Arborist.buildIdealTree (/home/pbl0/.nvm/versions/node/v20.17.0/lib/node_modules/npm/node_modules/@npmcli/arborist/lib/arborist/build-ideal-tree.js:181:7)
23 verbose stack     at async CI.exec (/home/pbl0/.nvm/versions/node/v20.17.0/lib/node_modules/npm/lib/commands/ci.js:63:5)
23 verbose stack     at async Npm.exec (/home/pbl0/.nvm/versions/node/v20.17.0/lib/node_modules/npm/lib/npm.js:207:9)
23 verbose stack     at async module.exports (/home/pbl0/.nvm/versions/node/v20.17.0/lib/node_modules/npm/lib/cli/entry.js:74:5)
24 error code ERESOLVE
25 error ERESOLVE could not resolve
26 error
27 error While resolving: react-use-navigate@0.1.1
27 error Found: react@18.3.1[2m[22m
27 error [2mnode_modules/react[22m
27 error   react@"^18" from the root project
27 error   [95mpeer[39m react@">=16.0.0" from @ant-design/cssinjs@1.21.1[2m[22m
27 error   [2mnode_modules/@ant-design/cssinjs[22m
27 error     @ant-design/cssinjs@"^1.21.0" from @ant-design/cssinjs-utils@1.0.3[2m[22m
27 error     [2mnode_modules/@ant-design/cssinjs-utils[22m
27 error       @ant-design/cssinjs-utils@"^1.0.3" from antd@5.20.6[2m[22m
27 error       [2mnode_modules/antd[22m
27 error         antd@"^5.20.6" from the root project
27 error     @ant-design/cssinjs@"^1.21.0" from antd@5.20.6[2m[22m
27 error     [2mnode_modules/antd[22m
27 error       antd@"^5.20.6" from the root project
27 error   52 more (@ant-design/cssinjs-utils, @ant-design/icons, ...)
27 error
27 error Could not resolve dependency:
27 error [95mpeer[39m react@"^16.8.0" from react-use-navigate@0.1.1[2m[22m
27 error [2mnode_modules/react-use-navigate[22m
27 error   react-use-navigate@"^0.1.1" from the root project
27 error
27 error Conflicting peer dependency: react@16.14.0[2m[22m
27 error [2mnode_modules/react[22m
27 error   [95mpeer[39m react@"^16.8.0" from react-use-navigate@0.1.1[2m[22m
27 error   [2mnode_modules/react-use-navigate[22m
27 error     react-use-navigate@"^0.1.1" from the root project
27 error
27 error Fix the upstream dependency conflict, or retry
27 error this command with --force or --legacy-peer-deps
27 error to accept an incorrect (and potentially broken) dependency resolution.
28 error
28 error
28 error For a full report see:
28 error /home/pbl0/Desktop/dnck-admin/.npm/_logs/2024-09-26T12_49_44_947Z-eresolve-report.txt
29 silly unfinished npm timer idealTree:buildDeps 1727354985392
30 silly unfinished npm timer idealTree:node_modules/react-use-navigate 1727354985393
31 verbose cwd /home/pbl0/Desktop/dnck-admin
32 verbose os Linux 5.15.0-122-generic
33 verbose node v20.17.0
34 verbose npm  v10.8.2
35 notice
35 notice New [36mpatch[39m version of npm available! [36m10.8.2[39m -> [34m10.8.3[39m
35 notice Changelog: [34mhttps://github.com/npm/cli/releases/tag/v10.8.3[39m
35 notice To update run: [4mnpm install -g npm@10.8.3[24m
35 notice  { force: true, [Symbol(proc-log.meta)]: true }
36 verbose exit 1
37 verbose code 1
38 error A complete log of this run can be found in: /home/pbl0/Desktop/dnck-admin/.npm/_logs/2024-09-26T12_49_44_947Z-debug-0.log
